

times in msec
 clock   self+sourced   self:  sourced script
 clock   elapsed:              other lines

000.010  000.010: --- NVIM STARTING ---
001.074  001.064: locale set
001.791  000.717: inits 1
001.824  000.033: window checked
002.031  000.207: parsing arguments
002.421  000.391: expanding arguments
002.472  000.050: inits 2
003.053  000.582: init highlight
003.055  000.002: waiting for UI
005.544  002.489: done waiting for UI
005.555  000.011: initialized screen early for UI
014.589  002.933  002.933: sourcing /Users/pawel/.local/share/nvim/site/pack/packer/start/vim-gruvbox8/colors/gruvbox8.vim
056.964  050.837  047.904: sourcing /Users/pawel/.config/nvim/init.lua
056.975  000.583: sourcing vimrc file(s)
061.196  000.010  000.010: sourcing /Users/pawel/.local/share/nvim/site/pack/packer/start/nvim-treesitter/ftdetect/gdscript.vim
061.246  000.010  000.010: sourcing /Users/pawel/.local/share/nvim/site/pack/packer/start/nvim-treesitter/ftdetect/gomod.vim
061.300  000.019  000.019: sourcing /Users/pawel/.local/share/nvim/site/pack/packer/start/nvim-treesitter/ftdetect/query.vim
061.738  004.688  004.649: sourcing /opt/homebrew/Cellar/neovim/0.5.0/share/nvim/runtime/filetype.vim
062.068  000.024  000.024: sourcing /opt/homebrew/Cellar/neovim/0.5.0/share/nvim/runtime/ftplugin.vim
062.398  000.021  000.021: sourcing /opt/homebrew/Cellar/neovim/0.5.0/share/nvim/runtime/indent.vim
063.381  000.126  000.126: sourcing /opt/homebrew/Cellar/neovim/0.5.0/share/nvim/runtime/syntax/syncolor.vim
064.843  001.848  001.722: sourcing /Users/pawel/.local/share/nvim/site/pack/packer/start/vim-gruvbox8/colors/gruvbox8.vim
065.016  002.239  000.391: sourcing /opt/homebrew/Cellar/neovim/0.5.0/share/nvim/runtime/syntax/synload.vim
065.069  002.371  000.133: sourcing /opt/homebrew/Cellar/neovim/0.5.0/share/nvim/runtime/syntax/syntax.vim
067.790  000.126  000.126: sourcing /opt/homebrew/Cellar/neovim/0.5.0/share/nvim/runtime/plugin/gzip.vim
067.838  000.009  000.009: sourcing /opt/homebrew/Cellar/neovim/0.5.0/share/nvim/runtime/plugin/health.vim
067.909  000.038  000.038: sourcing /opt/homebrew/Cellar/neovim/0.5.0/share/nvim/runtime/plugin/man.vim
068.852  000.119  000.119: sourcing /opt/homebrew/Cellar/neovim/0.5.0/share/nvim/runtime/pack/dist/opt/matchit/plugin/matchit.vim
068.959  001.017  000.898: sourcing /opt/homebrew/Cellar/neovim/0.5.0/share/nvim/runtime/plugin/matchit.vim
069.118  000.126  000.126: sourcing /opt/homebrew/Cellar/neovim/0.5.0/share/nvim/runtime/plugin/matchparen.vim
069.413  000.239  000.239: sourcing /opt/homebrew/Cellar/neovim/0.5.0/share/nvim/runtime/plugin/netrwPlugin.vim
069.602  000.012  000.012: sourcing /Users/pawel/.local/share/nvim/rplugin.vim
069.607  000.148  000.136: sourcing /opt/homebrew/Cellar/neovim/0.5.0/share/nvim/runtime/plugin/rplugin.vim
069.708  000.063  000.063: sourcing /opt/homebrew/Cellar/neovim/0.5.0/share/nvim/runtime/plugin/shada.vim
069.767  000.017  000.017: sourcing /opt/homebrew/Cellar/neovim/0.5.0/share/nvim/runtime/plugin/spellfile.vim
069.895  000.082  000.082: sourcing /opt/homebrew/Cellar/neovim/0.5.0/share/nvim/runtime/plugin/tarPlugin.vim
069.994  000.060  000.060: sourcing /opt/homebrew/Cellar/neovim/0.5.0/share/nvim/runtime/plugin/tohtml.vim
070.054  000.015  000.015: sourcing /opt/homebrew/Cellar/neovim/0.5.0/share/nvim/runtime/plugin/tutor.vim
070.196  000.104  000.104: sourcing /opt/homebrew/Cellar/neovim/0.5.0/share/nvim/runtime/plugin/zipPlugin.vim
070.659  004.535: loading plugins
071.751  000.704  000.704: sourcing /Users/pawel/.local/share/nvim/site/pack/packer/start/bullets.vim/plugin/bullets.vim
072.122  000.135  000.135: sourcing /Users/pawel/.local/share/nvim/site/pack/packer/start/completion-nvim/plugin/completion.vim
073.630  001.269  001.269: sourcing /Users/pawel/.local/share/nvim/site/pack/packer/start/emmet-vim/plugin/emmet.vim
073.976  000.057  000.057: sourcing /Users/pawel/.local/share/nvim/site/pack/packer/start/hop/plugin/hop.vim
074.404  000.060  000.060: sourcing /Users/pawel/.local/share/nvim/site/pack/packer/start/nvim-lspconfig/plugin/lspconfig.vim
075.448  000.703  000.703: sourcing /Users/pawel/.local/share/nvim/site/pack/packer/start/nvim-treesitter/plugin/nvim-treesitter.vim
075.630  000.011  000.011: sourcing /Users/pawel/.local/share/nvim/site/pack/packer/start/nvim-treesitter/ftdetect/gdscript.vim
075.682  000.010  000.010: sourcing /Users/pawel/.local/share/nvim/site/pack/packer/start/nvim-treesitter/ftdetect/gomod.vim
075.754  000.034  000.034: sourcing /Users/pawel/.local/share/nvim/site/pack/packer/start/nvim-treesitter/ftdetect/query.vim
076.106  000.175  000.175: sourcing /Users/pawel/.local/share/nvim/site/pack/packer/start/nvim-treesitter-refactor/plugin/nvim-treesitter-refactor.vim
077.307  000.981  000.981: sourcing /Users/pawel/.local/share/nvim/site/pack/packer/start/nvim-treesitter-textobjects/plugin/nvim-treesitter-textobjects.vim
077.566  000.024  000.024: sourcing /Users/pawel/.local/share/nvim/site/pack/packer/start/nvim-web-devicons/plugin/nvim-web-devicons.vim
077.894  000.023  000.023: sourcing /Users/pawel/.local/share/nvim/site/pack/packer/start/plenary.nvim/plugin/plenary.vim
078.251  000.141  000.141: sourcing /Users/pawel/.local/share/nvim/site/pack/packer/start/telescope.nvim/plugin/telescope.vim
078.659  000.057  000.057: sourcing /Users/pawel/.local/share/nvim/site/pack/packer/start/vim-startify/plugin/startify.vim
079.106  000.243  000.243: sourcing /Users/pawel/.local/share/nvim/site/pack/packer/start/vim-surround/plugin/surround.vim
079.290  004.006: loading packages
079.587  000.297: loading after plugins
079.593  000.006: inits 3
080.908  001.315: reading ShaDa
082.348  000.039  000.039: sourcing /opt/homebrew/Cellar/neovim/0.5.0/share/nvim/runtime/ftplugin/lua.vim
084.675  000.036  000.036: sourcing /opt/homebrew/Cellar/neovim/0.5.0/share/nvim/runtime/indent/lua.vim
085.893  000.477  000.477: sourcing /opt/homebrew/Cellar/neovim/0.5.0/share/nvim/runtime/syntax/lua.vim
096.386  014.925: opening buffers
096.415  000.030: BufEnter autocommands
096.417  000.002: editing files in windows
096.558  000.140: VimEnter autocommands
096.559  000.001: UIEnter autocommands
096.560  000.001: before starting main loop
107.469  010.909: first screen update
107.470  000.001: --- NVIM STARTED ---


times in msec
 clock   self+sourced   self:  sourced script
 clock   elapsed:              other lines

000.010  000.010: --- NVIM STARTING ---
001.292  001.282: locale set
002.016  000.724: inits 1
002.045  000.029: window checked
002.218  000.173: parsing arguments
002.601  000.383: expanding arguments
002.643  000.043: inits 2
003.191  000.548: init highlight
003.193  000.001: waiting for UI
005.830  002.638: done waiting for UI
005.843  000.012: initialized screen early for UI
015.118  002.819  002.819: sourcing /Users/pawel/.local/share/nvim/site/pack/packer/start/vim-gruvbox8/colors/gruvbox8.vim
056.694  050.254  047.434: sourcing /Users/pawel/.config/nvim/init.lua
056.705  000.608: sourcing vimrc file(s)
060.913  000.010  000.010: sourcing /Users/pawel/.local/share/nvim/site/pack/packer/start/nvim-treesitter/ftdetect/gdscript.vim
060.960  000.010  000.010: sourcing /Users/pawel/.local/share/nvim/site/pack/packer/start/nvim-treesitter/ftdetect/gomod.vim
061.010  000.015  000.015: sourcing /Users/pawel/.local/share/nvim/site/pack/packer/start/nvim-treesitter/ftdetect/query.vim
061.451  004.671  004.637: sourcing /opt/homebrew/Cellar/neovim/0.5.0/share/nvim/runtime/filetype.vim
061.773  000.024  000.024: sourcing /opt/homebrew/Cellar/neovim/0.5.0/share/nvim/runtime/ftplugin.vim
062.093  000.023  000.023: sourcing /opt/homebrew/Cellar/neovim/0.5.0/share/nvim/runtime/indent.vim
063.049  000.125  000.125: sourcing /opt/homebrew/Cellar/neovim/0.5.0/share/nvim/runtime/syntax/syncolor.vim
064.497  001.829  001.703: sourcing /Users/pawel/.local/share/nvim/site/pack/packer/start/vim-gruvbox8/colors/gruvbox8.vim
064.674  002.225  000.397: sourcing /opt/homebrew/Cellar/neovim/0.5.0/share/nvim/runtime/syntax/synload.vim
064.727  002.349  000.124: sourcing /opt/homebrew/Cellar/neovim/0.5.0/share/nvim/runtime/syntax/syntax.vim
067.427  000.118  000.118: sourcing /opt/homebrew/Cellar/neovim/0.5.0/share/nvim/runtime/plugin/gzip.vim
067.470  000.009  000.009: sourcing /opt/homebrew/Cellar/neovim/0.5.0/share/nvim/runtime/plugin/health.vim
067.541  000.038  000.038: sourcing /opt/homebrew/Cellar/neovim/0.5.0/share/nvim/runtime/plugin/man.vim
068.492  000.119  000.119: sourcing /opt/homebrew/Cellar/neovim/0.5.0/share/nvim/runtime/pack/dist/opt/matchit/plugin/matchit.vim
068.615  001.035  000.916: sourcing /opt/homebrew/Cellar/neovim/0.5.0/share/nvim/runtime/plugin/matchit.vim
068.763  000.111  000.111: sourcing /opt/homebrew/Cellar/neovim/0.5.0/share/nvim/runtime/plugin/matchparen.vim
069.036  000.236  000.236: sourcing /opt/homebrew/Cellar/neovim/0.5.0/share/nvim/runtime/plugin/netrwPlugin.vim
069.208  000.009  000.009: sourcing /Users/pawel/.local/share/nvim/rplugin.vim
069.215  000.140  000.131: sourcing /opt/homebrew/Cellar/neovim/0.5.0/share/nvim/runtime/plugin/rplugin.vim
069.317  000.064  000.064: sourcing /opt/homebrew/Cellar/neovim/0.5.0/share/nvim/runtime/plugin/shada.vim
069.374  000.017  000.017: sourcing /opt/homebrew/Cellar/neovim/0.5.0/share/nvim/runtime/plugin/spellfile.vim
069.498  000.082  000.082: sourcing /opt/homebrew/Cellar/neovim/0.5.0/share/nvim/runtime/plugin/tarPlugin.vim
069.597  000.061  000.061: sourcing /opt/homebrew/Cellar/neovim/0.5.0/share/nvim/runtime/plugin/tohtml.vim
069.653  000.015  000.015: sourcing /opt/homebrew/Cellar/neovim/0.5.0/share/nvim/runtime/plugin/tutor.vim
069.800  000.106  000.106: sourcing /opt/homebrew/Cellar/neovim/0.5.0/share/nvim/runtime/plugin/zipPlugin.vim
070.238  004.433: loading plugins
071.323  000.716  000.716: sourcing /Users/pawel/.local/share/nvim/site/pack/packer/start/bullets.vim/plugin/bullets.vim
071.717  000.145  000.145: sourcing /Users/pawel/.local/share/nvim/site/pack/packer/start/completion-nvim/plugin/completion.vim
073.245  001.280  001.280: sourcing /Users/pawel/.local/share/nvim/site/pack/packer/start/emmet-vim/plugin/emmet.vim
073.595  000.058  000.058: sourcing /Users/pawel/.local/share/nvim/site/pack/packer/start/hop/plugin/hop.vim
074.014  000.061  000.061: sourcing /Users/pawel/.local/share/nvim/site/pack/packer/start/nvim-lspconfig/plugin/lspconfig.vim
075.056  000.705  000.705: sourcing /Users/pawel/.local/share/nvim/site/pack/packer/start/nvim-treesitter/plugin/nvim-treesitter.vim
075.238  000.014  000.014: sourcing /Users/pawel/.local/share/nvim/site/pack/packer/start/nvim-treesitter/ftdetect/gdscript.vim
075.288  000.010  000.010: sourcing /Users/pawel/.local/share/nvim/site/pack/packer/start/nvim-treesitter/ftdetect/gomod.vim
075.355  000.029  000.029: sourcing /Users/pawel/.local/share/nvim/site/pack/packer/start/nvim-treesitter/ftdetect/query.vim
075.701  000.177  000.177: sourcing /Users/pawel/.local/share/nvim/site/pack/packer/start/nvim-treesitter-refactor/plugin/nvim-treesitter-refactor.vim
076.917  000.992  000.992: sourcing /Users/pawel/.local/share/nvim/site/pack/packer/start/nvim-treesitter-textobjects/plugin/nvim-treesitter-textobjects.vim
077.151  000.022  000.022: sourcing /Users/pawel/.local/share/nvim/site/pack/packer/start/nvim-web-devicons/plugin/nvim-web-devicons.vim
077.442  000.025  000.025: sourcing /Users/pawel/.local/share/nvim/site/pack/packer/start/plenary.nvim/plugin/plenary.vim
077.778  000.138  000.138: sourcing /Users/pawel/.local/share/nvim/site/pack/packer/start/telescope.nvim/plugin/telescope.vim
078.181  000.061  000.061: sourcing /Users/pawel/.local/share/nvim/site/pack/packer/start/vim-startify/plugin/startify.vim
078.631  000.253  000.253: sourcing /Users/pawel/.local/share/nvim/site/pack/packer/start/vim-surround/plugin/surround.vim
078.819  003.895: loading packages
079.108  000.290: loading after plugins
079.114  000.006: inits 3
080.529  001.415: reading ShaDa
081.969  000.041  000.041: sourcing /opt/homebrew/Cellar/neovim/0.5.0/share/nvim/runtime/ftplugin/lua.vim
084.326  000.033  000.033: sourcing /opt/homebrew/Cellar/neovim/0.5.0/share/nvim/runtime/indent/lua.vim
085.531  000.467  000.467: sourcing /opt/homebrew/Cellar/neovim/0.5.0/share/nvim/runtime/syntax/lua.vim
096.111  015.041: opening buffers
096.141  000.030: BufEnter autocommands
096.146  000.005: editing files in windows
096.288  000.142: VimEnter autocommands
096.289  000.001: UIEnter autocommands
096.289  000.001: before starting main loop
107.461  011.171: first screen update
107.462  000.001: --- NVIM STARTED ---
